[2026-01-18 09:45:40.685224] [ENTRY]CloakableFile::getInitialisationBlockBuffer()
[2026-01-18 09:45:40.685866] [EXIT]CloakableFile::getInitialisationBlockBuffer()
[2026-01-18 09:45:40.685877] [ENTRY]CloakableOutputFile::open()
[2026-01-18 09:45:40.685981] [EXIT]CloakableOutputFile::open()
[2026-01-18 09:45:40.685991] [ENTRY]CloakableInputFile::open()
[2026-01-18 09:45:40.686039] [ENTRY]CloakableInputFile::calculateFileLength()
[2026-01-18 09:45:40.686057] [DEBUG]Got file length as 55
[2026-01-18 09:45:40.686064] [EXIT]CloakableInputFile::calculateFileLength()
[2026-01-18 09:45:40.686069] [EXIT]CloakableInputFile::open()
[2026-01-18 09:45:40.686074] [ENTRY]CloakableInputFile::fillInitialisationBlockBuffer()
[2026-01-18 09:45:40.686098] [EXIT]CloakableInputFile::fillInitialisationBlockBuffer()
[2026-01-18 09:45:40.686104] [ENTRY]CloakableOutputFile::writeBlock()
[2026-01-18 09:45:40.686113] [DEBUG]Wrote 5 bytes to file '/Users/guy/test.xor'
[2026-01-18 09:45:40.686119] [EXIT]CloakableOutputFile::writeBlock()
[2026-01-18 09:45:40.686125] [ENTRY]CloakableInputFile::readBlock()
[2026-01-18 09:45:40.686132] [DEBUG]Read 55 bytes from '/Users/guy/test.dat'
[2026-01-18 09:45:40.686137] [EXIT]CloakableInputFile::readBlock()
[2026-01-18 09:45:40.686183] [ENTRY]CloakableOutputFile::writeBlock()
[2026-01-18 09:45:40.686189] [DEBUG]Wrote 64 bytes to file '/Users/guy/test.xor'
[2026-01-18 09:45:40.686208] [EXIT]CloakableOutputFile::writeBlock()
[2026-01-18 09:45:40.692785] [ENTRY]CloakableFile::getInitialisationBlockBuffer()
[2026-01-18 09:45:40.692831] [EXIT]CloakableFile::getInitialisationBlockBuffer()
[2026-01-18 09:45:40.692844] [ENTRY]CloakableInputFile::open()
[2026-01-18 09:45:40.692921] [ENTRY]CloakableInputFile::calculateFileLength()
[2026-01-18 09:45:40.692959] [DEBUG]Got file length as 69
[2026-01-18 09:45:40.692973] [EXIT]CloakableInputFile::calculateFileLength()
[2026-01-18 09:45:40.692982] [EXIT]CloakableInputFile::open()
[2026-01-18 09:45:40.692990] [ENTRY]CloakableInputFile::readBlock()
[2026-01-18 09:45:40.693000] [DEBUG]Read 5 bytes from '/Users/guy/test.xor'
[2026-01-18 09:45:40.693009] [EXIT]CloakableInputFile::readBlock()
[2026-01-18 09:45:40.693016] [ENTRY]CloakableOutputFile::open()
[2026-01-18 09:45:40.693161] [EXIT]CloakableOutputFile::open()
[2026-01-18 09:45:40.693177] [ENTRY]CloakableOutputFile::extractInitialisationBlockFromBuffer()
[2026-01-18 09:45:40.693189] [DEBUG]Extracted length block: fileLength = 55, encryptedIncrease = 0
[2026-01-18 09:45:40.693199] [EXIT]CloakableOutputFile::extractInitialisationBlockFromBuffer()
[2026-01-18 09:45:40.693207] [ENTRY]CloakableInputFile::readBlock()
[2026-01-18 09:45:40.693214] [DEBUG]Read 64 bytes from '/Users/guy/test.xor'
[2026-01-18 09:45:40.693221] [EXIT]CloakableInputFile::readBlock()
[2026-01-18 09:45:40.693254] [ENTRY]DecryptableFile::writeBlock()
[2026-01-18 09:45:40.693299] [ENTRY]XORDecryptableFile::decryptBlock()
[2026-01-18 09:45:40.693309] [EXIT]XORDecryptableFile::decryptBlock()
[2026-01-18 09:45:40.693331] [ENTRY]CloakableOutputFile::writeBlock()
[2026-01-18 09:45:40.693350] [DEBUG]Wrote 55 bytes to file '/Users/guy/out.dat'
[2026-01-18 09:45:40.693361] [EXIT]CloakableOutputFile::writeBlock()
[2026-01-18 09:45:40.693368] [EXIT]DecryptableFile::writeBlock()
